<?xml version="1.0" encoding="UTF-8"?>
<testsuite xmlns:xsi="http://www.w3.org/2001/XMLSchema-instance" xsi:noNamespaceSchemaLocation="https://maven.apache.org/surefire/maven-surefire-plugin/xsd/surefire-test-report-3.0.xsd" version="3.0" name="com.api.expo.ExpoApplicationTests" time="14.347" tests="1" errors="0" skipped="0" failures="0">
  <properties>
[...]
</properties>
  <testcase name="contextLoads" classname="com.api.expo.ExpoApplicationTests" time="1.424">
    <system-out><![CDATA[11:19:29.723 [main] INFO org.springframework.test.context.support.AnnotationConfigContextLoaderUtils -- Could not detect default configuration classes for test class [com.api.expo.ExpoApplicationTests]: ExpoApplicationTests does not declare any static, non-private, non-final, nested classes annotated with @Configuration.
11:19:29.905 [main] INFO org.springframework.boot.test.context.SpringBootTestContextBootstrapper -- Found @SpringBootConfiguration com.api.expo.ExpoApplication for test class com.api.expo.ExpoApplicationTests
11:19:30.169 [main] INFO org.springframework.boot.devtools.restart.RestartApplicationListener -- Restart disabled due to context in which it is running

  .   ____          _            __ _ _
 /\\ / ___'_ __ _ _(_)_ __  __ _ \ \ \ \
( ( )\___ | '_ | '_| | '_ \/ _` | \ \ \ \
 \\/  ___)| |_)| | | | | || (_| |  ) ) ) )
  '  |____| .__|_| |_|_| |_\__, | / / / /
 =========|_|==============|___/=/_/_/_/
 :: Spring Boot ::                (v3.2.3)

2025-01-10T11:19:30.603+01:00  INFO 30629 --- [           main] com.api.expo.ExpoApplicationTests        : Starting ExpoApplicationTests using Java 17.0.6 with PID 30629 (started by rostelmissimawu in /home/rostelmissimawu/Documents/Api_backend_Expo)
2025-01-10T11:19:30.606+01:00  INFO 30629 --- [           main] com.api.expo.ExpoApplicationTests        : The following 1 profile is active: "prod"
2025-01-10T11:19:32.035+01:00  INFO 30629 --- [           main] .s.d.r.c.RepositoryConfigurationDelegate : Multiple Spring Data modules found, entering strict repository configuration mode
2025-01-10T11:19:32.037+01:00  INFO 30629 --- [           main] .s.d.r.c.RepositoryConfigurationDelegate : Bootstrapping Spring Data JDBC repositories in DEFAULT mode.
2025-01-10T11:19:32.090+01:00  INFO 30629 --- [           main] .RepositoryConfigurationExtensionSupport : Spring Data JDBC - Could not safely identify store assignment for repository candidate interface com.api.expo.repository.PasswordResetTokenRepository; If you want this repository to be a JDBC repository, consider annotating your entities with one of these annotations: org.springframework.data.relational.core.mapping.Table.
2025-01-10T11:19:32.095+01:00  INFO 30629 --- [           main] .RepositoryConfigurationExtensionSupport : Spring Data JDBC - Could not safely identify store assignment for repository candidate interface com.api.expo.repository.SkillRepository; If you want this repository to be a JDBC repository, consider annotating your entities with one of these annotations: org.springframework.data.relational.core.mapping.Table.
2025-01-10T11:19:32.098+01:00  INFO 30629 --- [           main] .RepositoryConfigurationExtensionSupport : Spring Data JDBC - Could not safely identify store assignment for repository candidate interface com.api.expo.repository.UserRepository; If you want this repository to be a JDBC repository, consider annotating your entities with one of these annotations: org.springframework.data.relational.core.mapping.Table.
2025-01-10T11:19:32.100+01:00  INFO 30629 --- [           main] .RepositoryConfigurationExtensionSupport : Spring Data JDBC - Could not safely identify store assignment for repository candidate interface com.api.expo.repository.UserSkillRepository; If you want this repository to be a JDBC repository, consider annotating your entities with one of these annotations: org.springframework.data.relational.core.mapping.Table.
2025-01-10T11:19:32.103+01:00  INFO 30629 --- [           main] .RepositoryConfigurationExtensionSupport : Spring Data JDBC - Could not safely identify store assignment for repository candidate interface com.api.expo.repository.ValidationRepository; If you want this repository to be a JDBC repository, consider annotating your entities with one of these annotations: org.springframework.data.relational.core.mapping.Table.
2025-01-10T11:19:32.104+01:00  INFO 30629 --- [           main] .s.d.r.c.RepositoryConfigurationDelegate : Finished Spring Data repository scanning in 60 ms. Found 0 JDBC repository interfaces.
2025-01-10T11:19:32.123+01:00  INFO 30629 --- [           main] .s.d.r.c.RepositoryConfigurationDelegate : Multiple Spring Data modules found, entering strict repository configuration mode
2025-01-10T11:19:32.124+01:00  INFO 30629 --- [           main] .s.d.r.c.RepositoryConfigurationDelegate : Bootstrapping Spring Data JPA repositories in DEFAULT mode.
2025-01-10T11:19:32.185+01:00  INFO 30629 --- [           main] .s.d.r.c.RepositoryConfigurationDelegate : Finished Spring Data repository scanning in 55 ms. Found 5 JPA repository interfaces.
2025-01-10T11:19:32.784+01:00  WARN 30629 --- [           main] trationDelegate$BeanPostProcessorChecker : Bean 'org.springframework.ws.config.annotation.DelegatingWsConfiguration' of type [org.springframework.ws.config.annotation.DelegatingWsConfiguration$$SpringCGLIB$$0] is not eligible for getting processed by all BeanPostProcessors (for example: not eligible for auto-proxying). The currently created BeanPostProcessor [annotationActionEndpointMapping] is declared through a non-static factory method on that class; consider declaring it as static instead.
2025-01-10T11:19:32.836+01:00  INFO 30629 --- [           main] .w.s.a.s.AnnotationActionEndpointMapping : Supporting [WS-Addressing August 2004, WS-Addressing 1.0]
2025-01-10T11:19:33.108+01:00  INFO 30629 --- [           main] o.hibernate.jpa.internal.util.LogHelper  : HHH000204: Processing PersistenceUnitInfo [name: default]
2025-01-10T11:19:33.181+01:00  INFO 30629 --- [           main] org.hibernate.Version                    : HHH000412: Hibernate ORM core version 6.4.4.Final
2025-01-10T11:19:33.234+01:00  INFO 30629 --- [           main] o.h.c.internal.RegionFactoryInitiator    : HHH000026: Second-level cache disabled
2025-01-10T11:19:33.586+01:00  INFO 30629 --- [           main] o.s.o.j.p.SpringPersistenceUnitInfo      : No LoadTimeWeaver setup: ignoring JPA class transformer
2025-01-10T11:19:33.631+01:00  INFO 30629 --- [           main] com.zaxxer.hikari.HikariDataSource       : HikariPool-1 - Starting...
2025-01-10T11:19:33.952+01:00  INFO 30629 --- [           main] com.zaxxer.hikari.pool.HikariPool        : HikariPool-1 - Added connection com.mysql.cj.jdbc.ConnectionImpl@67b8d45
2025-01-10T11:19:33.955+01:00  INFO 30629 --- [           main] com.zaxxer.hikari.HikariDataSource       : HikariPool-1 - Start completed.
2025-01-10T11:19:33.989+01:00  WARN 30629 --- [           main] org.hibernate.orm.deprecation            : HHH90000025: MySQL8Dialect does not need to be specified explicitly using 'hibernate.dialect' (remove the property setting and it will be selected by default)
2025-01-10T11:19:33.991+01:00  WARN 30629 --- [           main] org.hibernate.orm.deprecation            : HHH90000026: MySQL8Dialect has been deprecated; use org.hibernate.dialect.MySQLDialect instead
2025-01-10T11:19:35.668+01:00  INFO 30629 --- [           main] o.h.e.t.j.p.i.JtaPlatformInitiator       : HHH000489: No JTA platform available (set 'hibernate.transaction.jta.platform' to enable JTA platform integration)
2025-01-10T11:19:35.859+01:00  INFO 30629 --- [           main] j.LocalContainerEntityManagerFactoryBean : Initialized JPA EntityManagerFactory for persistence unit 'default'
2025-01-10T11:19:36.813+01:00  INFO 30629 --- [           main] o.s.d.j.r.query.QueryEnhancerFactory     : JSqlParser is in classpath; If applicable, JSqlParser will be used
2025-01-10T11:19:36.813+01:00  INFO 30629 --- [           main] o.s.d.j.r.query.QueryEnhancerFactory     : Hibernate is in classpath; If applicable, HQL parser will be used.
2025-01-10T11:19:39.525+01:00  WARN 30629 --- [           main] JpaBaseConfiguration$JpaWebConfiguration : spring.jpa.open-in-view is enabled by default. Therefore, database queries may be performed during view rendering. Explicitly configure spring.jpa.open-in-view to disable this warning
2025-01-10T11:19:40.774+01:00  INFO 30629 --- [           main] o.s.s.web.DefaultSecurityFilterChain     : Will secure any request with [org.springframework.security.web.session.DisableEncodeUrlFilter@6dbf042, org.springframework.security.web.context.request.async.WebAsyncManagerIntegrationFilter@61c0a61, org.springframework.security.web.context.SecurityContextHolderFilter@3d2162c5, org.springframework.security.web.header.HeaderWriterFilter@4b2164a9, org.springframework.web.filter.CorsFilter@66121af9, org.springframework.security.web.authentication.logout.LogoutFilter@49d94d67, com.api.expo.config.JwtRequestFilter@372e01e0, org.springframework.security.web.savedrequest.RequestCacheAwareFilter@606cb314, org.springframework.security.web.servletapi.SecurityContextHolderAwareRequestFilter@3e8742de, org.springframework.security.web.authentication.AnonymousAuthenticationFilter@62a153d3, org.springframework.security.web.session.SessionManagementFilter@160c47b4, org.springframework.security.web.access.ExceptionTranslationFilter@7a845f91, org.springframework.security.web.access.intercept.AuthorizationFilter@6ced9545]
2025-01-10T11:19:42.291+01:00  INFO 30629 --- [           main] com.api.expo.ExpoApplicationTests        : Started ExpoApplicationTests in 12.141 seconds (process running for 14.107)
]]></system-out>
  </testcase>
</testsuite>